[2019-01-15 13:44:06,447][    INFO] --- url: /passport/web/auth/uamtk
入参: {'appid': 'otn'}
请求方式: post
 (logger.py:61)
[2019-01-15 13:44:06,645][    INFO] --- 出参：{"result_message":"用户未登录","result_code":1} (logger.py:61)
[2019-01-15 13:44:06,647][    INFO] --- url: /passport/captcha/captcha-check
入参: {'answer': None, 'rand': 'sjrand', 'login_site': 'E'}
请求方式: post
 (logger.py:61)
[2019-01-15 13:44:06,838][    INFO] --- 出参：{"result_message":"验证码校验失败,信息为空","result_code":"8"} (logger.py:61)
[2019-01-15 13:44:08,131][    INFO] --- url: /passport/web/auth/uamtk
入参: {'appid': 'otn'}
请求方式: post
 (logger.py:61)
[2019-01-15 13:44:08,315][    INFO] --- 出参：{"result_message":"用户未登录","result_code":1} (logger.py:61)
[2019-01-15 13:44:08,316][    INFO] --- url: /passport/captcha/captcha-check
入参: {'answer': None, 'rand': 'sjrand', 'login_site': 'E'}
请求方式: post
 (logger.py:61)
[2019-01-15 13:44:08,466][    INFO] --- 出参：{"result_message":"验证码校验失败,信息为空","result_code":"8"} (logger.py:61)
[2019-01-15 13:44:10,967][    INFO] --- url: /passport/web/auth/uamtk
入参: {'appid': 'otn'}
请求方式: post
 (logger.py:61)
[2019-01-15 13:44:11,414][    INFO] --- 出参：{"result_message":"用户未登录","result_code":1} (logger.py:61)
[2019-01-15 13:44:11,414][    INFO] --- url: /passport/captcha/captcha-check
入参: {'answer': None, 'rand': 'sjrand', 'login_site': 'E'}
请求方式: post
 (logger.py:61)
[2019-01-15 13:44:11,849][    INFO] --- 出参：{"result_message":"验证码校验失败,信息为空","result_code":"8"} (logger.py:61)
[2019-01-15 13:44:13,607][    INFO] --- url: /passport/web/auth/uamtk
入参: {'appid': 'otn'}
请求方式: post
 (logger.py:61)
[2019-01-15 13:44:14,200][    INFO] --- 出参：{"result_message":"用户未登录","result_code":1} (logger.py:61)
[2019-01-15 13:44:14,201][    INFO] --- url: /passport/captcha/captcha-check
入参: {'answer': None, 'rand': 'sjrand', 'login_site': 'E'}
请求方式: post
 (logger.py:61)
[2019-01-15 13:44:14,608][    INFO] --- 出参：{"result_message":"验证码校验失败,信息为空","result_code":"8"} (logger.py:61)
[2019-01-15 13:44:15,871][    INFO] --- url: /passport/web/auth/uamtk
入参: {'appid': 'otn'}
请求方式: post
 (logger.py:61)
[2019-01-15 13:44:16,069][    INFO] --- 出参：{"result_message":"用户未登录","result_code":1} (logger.py:61)
[2019-01-15 13:44:16,069][    INFO] --- url: /passport/captcha/captcha-check
入参: {'answer': None, 'rand': 'sjrand', 'login_site': 'E'}
请求方式: post
 (logger.py:61)
[2019-01-15 13:44:16,243][    INFO] --- 出参：{"result_message":"验证码校验失败,信息为空","result_code":"8"} (logger.py:61)
[2019-01-15 13:44:17,734][    INFO] --- url: /passport/web/auth/uamtk
入参: {'appid': 'otn'}
请求方式: post
 (logger.py:61)
[2019-01-15 13:44:17,943][    INFO] --- 出参：{"result_message":"用户未登录","result_code":1} (logger.py:61)
[2019-01-15 13:44:17,943][    INFO] --- url: /passport/captcha/captcha-check
入参: {'answer': None, 'rand': 'sjrand', 'login_site': 'E'}
请求方式: post
 (logger.py:61)
[2019-01-15 13:44:18,653][    INFO] --- 出参：{"result_message":"验证码校验失败,信息为空","result_code":"8"} (logger.py:61)
[2019-01-15 13:44:19,888][    INFO] --- url: /passport/web/auth/uamtk
入参: {'appid': 'otn'}
请求方式: post
 (logger.py:61)
[2019-01-15 13:44:20,033][    INFO] --- 出参：{"result_message":"用户未登录","result_code":1} (logger.py:61)
[2019-01-15 13:44:20,033][    INFO] --- url: /passport/captcha/captcha-check
入参: {'answer': None, 'rand': 'sjrand', 'login_site': 'E'}
请求方式: post
 (logger.py:61)
[2019-01-15 13:44:20,180][    INFO] --- 出参：{"result_message":"验证码校验失败,信息为空","result_code":"8"} (logger.py:61)
[2019-01-15 13:44:21,967][    INFO] --- url: /passport/web/auth/uamtk
入参: {'appid': 'otn'}
请求方式: post
 (logger.py:61)
[2019-01-15 13:44:22,266][    INFO] --- 出参：{"result_message":"用户未登录","result_code":1} (logger.py:61)
[2019-01-15 13:44:22,266][    INFO] --- url: /passport/captcha/captcha-check
入参: {'answer': None, 'rand': 'sjrand', 'login_site': 'E'}
请求方式: post
 (logger.py:61)
[2019-01-15 13:44:22,500][    INFO] --- 出参：{"result_message":"验证码校验失败,信息为空","result_code":"8"} (logger.py:61)
[2019-01-15 13:44:23,772][    INFO] --- url: /passport/web/auth/uamtk
入参: {'appid': 'otn'}
请求方式: post
 (logger.py:61)
[2019-01-15 13:44:23,959][    INFO] --- 出参：{"result_message":"用户未登录","result_code":1} (logger.py:61)
[2019-01-15 13:44:23,959][    INFO] --- url: /passport/captcha/captcha-check
入参: {'answer': None, 'rand': 'sjrand', 'login_site': 'E'}
请求方式: post
 (logger.py:61)
[2019-01-15 13:44:24,148][    INFO] --- 出参：{"result_message":"验证码校验失败,信息为空","result_code":"8"} (logger.py:61)
[2019-01-15 13:44:25,431][    INFO] --- url: /passport/web/auth/uamtk
入参: {'appid': 'otn'}
请求方式: post
 (logger.py:61)
[2019-01-15 13:44:25,661][    INFO] --- 出参：{"result_message":"用户未登录","result_code":1} (logger.py:61)
[2019-01-15 13:44:25,661][    INFO] --- url: /passport/captcha/captcha-check
入参: {'answer': None, 'rand': 'sjrand', 'login_site': 'E'}
请求方式: post
 (logger.py:61)
[2019-01-15 13:52:45,549][    INFO] --- url: /passport/web/auth/uamtk
入参: {'appid': 'otn'}
请求方式: post
 (logger.py:61)
[2019-01-15 13:52:45,963][    INFO] --- 出参：{"result_message":"用户未登录","result_code":1} (logger.py:61)
[2019-01-15 13:52:48,104][    INFO] --- url: /passport/captcha/captcha-check
入参: {'answer': None, 'rand': 'sjrand', 'login_site': 'E'}
请求方式: post
 (logger.py:61)
[2019-01-15 13:52:48,526][    INFO] --- 出参：{"result_message":"验证码校验失败,信息为空","result_code":"8"} (logger.py:61)
[2019-01-15 13:55:24,051][    INFO] --- url: /passport/web/auth/uamtk
入参: {'appid': 'otn'}
请求方式: post
 (logger.py:61)
[2019-01-15 13:55:24,696][    INFO] --- 出参：{"result_message":"用户未登录","result_code":1} (logger.py:61)
[2019-01-15 13:55:24,697][    INFO] --- url: /passport/captcha/captcha-check
入参: {'answer': None, 'rand': 'sjrand', 'login_site': 'E'}
请求方式: post
 (logger.py:61)
[2019-01-15 13:55:24,937][    INFO] --- 出参：{"result_message":"验证码校验失败,信息为空","result_code":"8"} (logger.py:61)
[2019-01-15 14:00:01,427][    INFO] --- url: /passport/web/auth/uamtk
入参: {'appid': 'otn'}
请求方式: post
 (logger.py:61)
[2019-01-15 14:00:03,395][    INFO] --- 出参：{"result_message":"用户未登录","result_code":1} (logger.py:61)
[2019-01-15 14:00:03,395][    INFO] --- url: /passport/captcha/captcha-check
入参: {'answer': None, 'rand': 'sjrand', 'login_site': 'E'}
请求方式: post
 (logger.py:61)
[2019-01-15 14:00:03,865][    INFO] --- 出参：{"result_message":"验证码校验失败,信息为空","result_code":"8"} (logger.py:61)
[2019-01-15 14:00:12,609][    INFO] --- url: /passport/web/auth/uamtk
入参: {'appid': 'otn'}
请求方式: post
 (logger.py:61)
[2019-01-15 14:00:13,105][    INFO] --- 出参：{"result_message":"用户未登录","result_code":1} (logger.py:61)
[2019-01-15 14:00:13,105][    INFO] --- url: /passport/captcha/captcha-check
入参: {'answer': None, 'rand': 'sjrand', 'login_site': 'E'}
请求方式: post
 (logger.py:61)
[2019-01-15 14:00:13,289][    INFO] --- 出参：{"result_message":"验证码校验失败,信息为空","result_code":"8"} (logger.py:61)
[2019-01-15 14:41:28,480][    INFO] --- url: /passport/web/auth/uamtk
入参: {'appid': 'otn'}
请求方式: post
 (logger.py:61)
[2019-01-15 14:41:28,737][    INFO] --- 出参：{"result_message":"用户未登录","result_code":1} (logger.py:61)
[2019-01-15 14:41:28,737][    INFO] --- url: /passport/captcha/captcha-check
入参: {'answer': None, 'rand': 'sjrand', 'login_site': 'E'}
请求方式: post
 (logger.py:61)
[2019-01-15 14:41:29,111][    INFO] --- 出参：{"result_message":"验证码校验失败,信息为空","result_code":"8"} (logger.py:61)
[2019-01-15 14:41:30,657][    INFO] --- url: /passport/web/auth/uamtk
入参: {'appid': 'otn'}
请求方式: post
 (logger.py:61)
[2019-01-15 14:41:30,832][    INFO] --- 出参：{"result_message":"用户未登录","result_code":1} (logger.py:61)
[2019-01-15 14:41:30,832][    INFO] --- url: /passport/captcha/captcha-check
入参: {'answer': None, 'rand': 'sjrand', 'login_site': 'E'}
请求方式: post
 (logger.py:61)
[2019-01-15 14:41:31,036][    INFO] --- 出参：{"result_message":"验证码校验失败,信息为空","result_code":"8"} (logger.py:61)
[2019-01-15 14:41:34,476][    INFO] --- url: /passport/web/auth/uamtk
入参: {'appid': 'otn'}
请求方式: post
 (logger.py:61)
[2019-01-15 14:41:34,625][    INFO] --- 出参：{"result_message":"用户未登录","result_code":1} (logger.py:61)
[2019-01-15 14:41:34,625][    INFO] --- url: /passport/captcha/captcha-check
入参: {'answer': None, 'rand': 'sjrand', 'login_site': 'E'}
请求方式: post
 (logger.py:61)
[2019-01-15 14:41:34,829][    INFO] --- 出参：{"result_message":"验证码校验失败,信息为空","result_code":"8"} (logger.py:61)
[2019-01-15 14:41:36,138][    INFO] --- url: /passport/web/auth/uamtk
入参: {'appid': 'otn'}
请求方式: post
 (logger.py:61)
[2019-01-15 14:41:36,282][    INFO] --- 出参：{"result_message":"用户未登录","result_code":1} (logger.py:61)
[2019-01-15 14:41:36,282][    INFO] --- url: /passport/captcha/captcha-check
入参: {'answer': None, 'rand': 'sjrand', 'login_site': 'E'}
请求方式: post
 (logger.py:61)
[2019-01-15 14:41:36,483][    INFO] --- 出参：{"result_message":"验证码校验失败,信息为空","result_code":"8"} (logger.py:61)
[2019-01-15 14:41:38,171][    INFO] --- url: /passport/web/auth/uamtk
入参: {'appid': 'otn'}
请求方式: post
 (logger.py:61)
[2019-01-15 14:41:39,145][    INFO] --- 出参：{"result_message":"用户未登录","result_code":1} (logger.py:61)
[2019-01-15 14:41:39,145][    INFO] --- url: /passport/captcha/captcha-check
入参: {'answer': None, 'rand': 'sjrand', 'login_site': 'E'}
请求方式: post
 (logger.py:61)
[2019-01-15 14:55:04,586][    INFO] --- url: /passport/web/auth/uamtk
入参: {'appid': 'otn'}
请求方式: post
 (logger.py:61)
[2019-01-15 14:55:05,273][    INFO] --- 出参：{"result_message":"用户未登录","result_code":1} (logger.py:61)
[2019-01-15 14:55:05,275][    INFO] --- url: /passport/captcha/captcha-check
入参: {'answer': None, 'rand': 'sjrand', 'login_site': 'E'}
请求方式: post
 (logger.py:61)
[2019-01-15 14:55:05,802][    INFO] --- 出参：{"result_message":"验证码校验失败,信息为空","result_code":"8"} (logger.py:61)
[2019-01-15 14:55:07,674][    INFO] --- url: /passport/web/auth/uamtk
入参: {'appid': 'otn'}
请求方式: post
 (logger.py:61)
[2019-01-15 14:55:09,088][    INFO] --- 出参：{"result_message":"用户未登录","result_code":1} (logger.py:61)
[2019-01-15 14:55:09,088][    INFO] --- url: /passport/captcha/captcha-check
入参: {'answer': None, 'rand': 'sjrand', 'login_site': 'E'}
请求方式: post
 (logger.py:61)
[2019-01-15 14:55:09,562][    INFO] --- 出参：{"result_message":"验证码校验失败,信息为空","result_code":"8"} (logger.py:61)
[2019-01-15 14:55:11,312][    INFO] --- url: /passport/web/auth/uamtk
入参: {'appid': 'otn'}
请求方式: post
 (logger.py:61)
[2019-01-15 14:55:12,073][    INFO] --- 出参：{"result_message":"用户未登录","result_code":1} (logger.py:61)
[2019-01-15 14:55:12,075][    INFO] --- url: /passport/captcha/captcha-check
入参: {'answer': None, 'rand': 'sjrand', 'login_site': 'E'}
请求方式: post
 (logger.py:61)
[2019-01-15 14:55:12,542][    INFO] --- 出参：{"result_message":"验证码校验失败,信息为空","result_code":"8"} (logger.py:61)
[2019-01-15 14:55:13,779][    INFO] --- url: /passport/web/auth/uamtk
入参: {'appid': 'otn'}
请求方式: post
 (logger.py:61)
[2019-01-15 14:55:14,690][    INFO] --- 出参：{"result_message":"用户未登录","result_code":1} (logger.py:61)
[2019-01-15 14:55:14,690][    INFO] --- url: /passport/captcha/captcha-check
入参: {'answer': None, 'rand': 'sjrand', 'login_site': 'E'}
请求方式: post
 (logger.py:61)
[2019-01-15 14:55:14,973][    INFO] --- 出参：{"result_message":"验证码校验失败,信息为空","result_code":"8"} (logger.py:61)
[2019-01-15 14:55:16,177][    INFO] --- url: /passport/web/auth/uamtk
入参: {'appid': 'otn'}
请求方式: post
 (logger.py:61)
[2019-01-15 14:55:16,348][    INFO] --- 出参：{"result_message":"用户未登录","result_code":1} (logger.py:61)
[2019-01-15 14:55:16,348][    INFO] --- url: /passport/captcha/captcha-check
入参: {'answer': None, 'rand': 'sjrand', 'login_site': 'E'}
请求方式: post
 (logger.py:61)
[2019-01-15 14:55:16,503][    INFO] --- 出参：{"result_message":"验证码校验失败,信息为空","result_code":"8"} (logger.py:61)
[2019-01-15 16:08:37,676][    INFO] --- url: /otn/login/init 返回参数为空 (logger.py:61)
[2019-01-15 16:09:37,520][    INFO] --- url: /passport/web/auth/uamtk
入参: {'appid': 'otn'}
请求方式: post
 (logger.py:61)
[2019-01-15 16:09:37,821][    INFO] --- 出参：{"result_message":"用户未登录","result_code":1} (logger.py:61)
[2019-01-15 16:09:37,821][    INFO] --- url: /passport/captcha/captcha-check
入参: {'answer': None, 'rand': 'sjrand', 'login_site': 'E'}
请求方式: post
 (logger.py:61)
[2019-01-15 16:09:38,270][    INFO] --- 出参：{"result_message":"验证码校验失败,信息为空","result_code":"8"} (logger.py:61)
[2019-01-15 16:09:40,596][    INFO] --- url: /passport/web/auth/uamtk
入参: {'appid': 'otn'}
请求方式: post
 (logger.py:61)
[2019-01-15 16:09:41,065][    INFO] --- 出参：{"result_message":"用户未登录","result_code":1} (logger.py:61)
[2019-01-15 16:09:41,065][    INFO] --- url: /passport/captcha/captcha-check
入参: {'answer': None, 'rand': 'sjrand', 'login_site': 'E'}
请求方式: post
 (logger.py:61)
[2019-01-15 16:09:41,269][    INFO] --- 出参：{"result_message":"验证码校验失败,信息为空","result_code":"8"} (logger.py:61)
[2019-01-15 16:09:42,588][    INFO] --- url: /passport/web/auth/uamtk
入参: {'appid': 'otn'}
请求方式: post
 (logger.py:61)
[2019-01-15 16:09:43,278][    INFO] --- 出参：{"result_message":"用户未登录","result_code":1} (logger.py:61)
[2019-01-15 16:09:43,279][    INFO] --- url: /passport/captcha/captcha-check
入参: {'answer': None, 'rand': 'sjrand', 'login_site': 'E'}
请求方式: post
 (logger.py:61)
[2019-01-15 16:09:43,637][    INFO] --- 出参：{"result_message":"验证码校验失败,信息为空","result_code":"8"} (logger.py:61)
[2019-01-15 16:09:45,323][    INFO] --- url: /passport/web/auth/uamtk
入参: {'appid': 'otn'}
请求方式: post
 (logger.py:61)
[2019-01-15 16:09:45,549][    INFO] --- 出参：{"result_message":"用户未登录","result_code":1} (logger.py:61)
[2019-01-15 16:09:45,549][    INFO] --- url: /passport/captcha/captcha-check
入参: {'answer': None, 'rand': 'sjrand', 'login_site': 'E'}
请求方式: post
 (logger.py:61)
[2019-01-15 16:09:45,766][    INFO] --- 出参：{"result_message":"验证码校验失败,信息为空","result_code":"8"} (logger.py:61)
[2019-01-15 16:09:47,125][    INFO] --- url: /passport/web/auth/uamtk
入参: {'appid': 'otn'}
请求方式: post
 (logger.py:61)
[2019-01-15 16:09:48,022][    INFO] --- 出参：{"result_message":"用户未登录","result_code":1} (logger.py:61)
[2019-01-15 16:09:48,023][    INFO] --- url: /passport/captcha/captcha-check
入参: {'answer': None, 'rand': 'sjrand', 'login_site': 'E'}
请求方式: post
 (logger.py:61)
[2019-01-15 16:09:48,305][    INFO] --- 出参：{"result_message":"验证码校验失败,信息为空","result_code":"8"} (logger.py:61)
[2019-01-15 16:09:49,740][    INFO] --- url: /passport/web/auth/uamtk
入参: {'appid': 'otn'}
请求方式: post
 (logger.py:61)
[2019-01-15 16:09:49,923][    INFO] --- 出参：{"result_message":"用户未登录","result_code":1} (logger.py:61)
[2019-01-15 16:09:49,923][    INFO] --- url: /passport/captcha/captcha-check
入参: {'answer': None, 'rand': 'sjrand', 'login_site': 'E'}
请求方式: post
 (logger.py:61)
[2019-01-15 16:09:50,224][    INFO] --- 出参：{"result_message":"验证码校验失败,信息为空","result_code":"8"} (logger.py:61)
[2019-01-15 16:09:51,687][    INFO] --- url: /passport/web/auth/uamtk
入参: {'appid': 'otn'}
请求方式: post
 (logger.py:61)
[2019-01-15 16:09:51,888][    INFO] --- 出参：{"result_message":"用户未登录","result_code":1} (logger.py:61)
[2019-01-15 16:09:51,888][    INFO] --- url: /passport/captcha/captcha-check
入参: {'answer': None, 'rand': 'sjrand', 'login_site': 'E'}
请求方式: post
 (logger.py:61)
[2019-01-15 16:09:52,301][    INFO] --- 出参：{"result_message":"验证码校验失败,信息为空","result_code":"8"} (logger.py:61)
[2019-01-15 16:09:53,861][    INFO] --- url: /passport/web/auth/uamtk
入参: {'appid': 'otn'}
请求方式: post
 (logger.py:61)
[2019-01-15 16:09:54,039][    INFO] --- 出参：{"result_message":"用户未登录","result_code":1} (logger.py:61)
[2019-01-15 16:09:54,039][    INFO] --- url: /passport/captcha/captcha-check
入参: {'answer': None, 'rand': 'sjrand', 'login_site': 'E'}
请求方式: post
 (logger.py:61)
[2019-01-15 16:09:54,328][    INFO] --- 出参：{"result_message":"验证码校验失败,信息为空","result_code":"8"} (logger.py:61)
[2019-01-15 16:09:55,802][    INFO] --- url: /passport/web/auth/uamtk
入参: {'appid': 'otn'}
请求方式: post
 (logger.py:61)
[2019-01-15 16:09:56,016][    INFO] --- 出参：{"result_message":"用户未登录","result_code":1} (logger.py:61)
[2019-01-15 16:09:56,016][    INFO] --- url: /passport/captcha/captcha-check
入参: {'answer': None, 'rand': 'sjrand', 'login_site': 'E'}
请求方式: post
 (logger.py:61)
[2019-01-15 16:09:56,216][    INFO] --- 出参：{"result_message":"验证码校验失败,信息为空","result_code":"8"} (logger.py:61)
[2019-01-15 16:09:58,627][    INFO] --- url: /passport/web/auth/uamtk
入参: {'appid': 'otn'}
请求方式: post
 (logger.py:61)
[2019-01-15 16:09:59,035][    INFO] --- 出参：{"result_message":"用户未登录","result_code":1} (logger.py:61)
[2019-01-15 16:09:59,035][    INFO] --- url: /passport/captcha/captcha-check
入参: {'answer': None, 'rand': 'sjrand', 'login_site': 'E'}
请求方式: post
 (logger.py:61)
[2019-01-15 16:09:59,246][    INFO] --- 出参：{"result_message":"验证码校验失败,信息为空","result_code":"8"} (logger.py:61)
[2019-01-15 16:10:00,657][    INFO] --- url: /passport/web/auth/uamtk
入参: {'appid': 'otn'}
请求方式: post
 (logger.py:61)
[2019-01-15 16:10:00,855][    INFO] --- 出参：{"result_message":"用户未登录","result_code":1} (logger.py:61)
[2019-01-15 16:10:00,855][    INFO] --- url: /passport/captcha/captcha-check
入参: {'answer': None, 'rand': 'sjrand', 'login_site': 'E'}
请求方式: post
 (logger.py:61)
[2019-01-15 16:10:01,059][    INFO] --- 出参：{"result_message":"验证码校验失败,信息为空","result_code":"8"} (logger.py:61)
[2019-01-15 16:10:03,612][    INFO] --- url: /passport/web/auth/uamtk
入参: {'appid': 'otn'}
请求方式: post
 (logger.py:61)
[2019-01-15 16:10:03,865][    INFO] --- 出参：{"result_message":"用户未登录","result_code":1} (logger.py:61)
[2019-01-15 16:10:03,865][    INFO] --- url: /passport/captcha/captcha-check
入参: {'answer': None, 'rand': 'sjrand', 'login_site': 'E'}
请求方式: post
 (logger.py:61)
[2019-01-15 16:10:04,076][    INFO] --- 出参：{"result_message":"验证码校验失败,信息为空","result_code":"8"} (logger.py:61)
[2019-01-15 16:10:05,461][    INFO] --- url: /passport/web/auth/uamtk
入参: {'appid': 'otn'}
请求方式: post
 (logger.py:61)
[2019-01-15 16:10:05,648][    INFO] --- 出参：{"result_message":"用户未登录","result_code":1} (logger.py:61)
[2019-01-15 16:10:05,648][    INFO] --- url: /passport/captcha/captcha-check
入参: {'answer': None, 'rand': 'sjrand', 'login_site': 'E'}
请求方式: post
 (logger.py:61)
[2019-01-15 16:10:05,836][    INFO] --- 出参：{"result_message":"验证码校验失败,信息为空","result_code":"8"} (logger.py:61)
[2019-01-15 16:10:07,670][    INFO] --- url: /passport/web/auth/uamtk
入参: {'appid': 'otn'}
请求方式: post
 (logger.py:61)
[2019-01-15 16:10:07,871][    INFO] --- 出参：{"result_message":"用户未登录","result_code":1} (logger.py:61)
[2019-01-15 16:10:07,871][    INFO] --- url: /passport/captcha/captcha-check
入参: {'answer': None, 'rand': 'sjrand', 'login_site': 'E'}
请求方式: post
 (logger.py:61)
[2019-01-15 16:10:08,073][    INFO] --- 出参：{"result_message":"验证码校验失败,信息为空","result_code":"8"} (logger.py:61)
[2019-01-15 16:10:09,936][    INFO] --- url: /passport/web/auth/uamtk
入参: {'appid': 'otn'}
请求方式: post
 (logger.py:61)
[2019-01-15 16:10:11,141][    INFO] --- 出参：{"result_message":"用户未登录","result_code":1} (logger.py:61)
[2019-01-15 16:10:11,142][    INFO] --- url: /passport/captcha/captcha-check
入参: {'answer': None, 'rand': 'sjrand', 'login_site': 'E'}
请求方式: post
 (logger.py:61)
[2019-01-15 16:10:11,556][    INFO] --- 出参：{"result_message":"验证码校验失败,信息为空","result_code":"8"} (logger.py:61)
[2019-01-15 16:10:13,183][    INFO] --- url: /passport/web/auth/uamtk
入参: {'appid': 'otn'}
请求方式: post
 (logger.py:61)
[2019-01-15 16:10:13,433][    INFO] --- 出参：{"result_message":"用户未登录","result_code":1} (logger.py:61)
[2019-01-15 16:10:13,434][    INFO] --- url: /passport/captcha/captcha-check
入参: {'answer': None, 'rand': 'sjrand', 'login_site': 'E'}
请求方式: post
 (logger.py:61)
[2019-01-15 16:10:13,694][    INFO] --- 出参：{"result_message":"验证码校验失败,信息为空","result_code":"8"} (logger.py:61)
[2019-01-15 16:10:16,151][    INFO] --- url: /passport/web/auth/uamtk
入参: {'appid': 'otn'}
请求方式: post
 (logger.py:61)
[2019-01-15 16:10:16,842][    INFO] --- 出参：{"result_message":"用户未登录","result_code":1} (logger.py:61)
[2019-01-15 16:10:16,842][    INFO] --- url: /passport/captcha/captcha-check
入参: {'answer': None, 'rand': 'sjrand', 'login_site': 'E'}
请求方式: post
 (logger.py:61)
[2019-01-15 16:10:17,105][    INFO] --- 出参：{"result_message":"验证码校验失败,信息为空","result_code":"8"} (logger.py:61)
[2019-01-15 16:10:19,473][    INFO] --- url: /passport/web/auth/uamtk
入参: {'appid': 'otn'}
请求方式: post
 (logger.py:61)
[2019-01-15 16:10:19,667][    INFO] --- 出参：{"result_message":"用户未登录","result_code":1} (logger.py:61)
[2019-01-15 16:10:19,667][    INFO] --- url: /passport/captcha/captcha-check
入参: {'answer': None, 'rand': 'sjrand', 'login_site': 'E'}
请求方式: post
 (logger.py:61)
[2019-01-15 16:10:19,858][    INFO] --- 出参：{"result_message":"验证码校验失败,信息为空","result_code":"8"} (logger.py:61)
[2019-01-15 16:10:21,622][    INFO] --- url: /passport/web/auth/uamtk
入参: {'appid': 'otn'}
请求方式: post
 (logger.py:61)
[2019-01-15 16:10:21,974][    INFO] --- 出参：{"result_message":"用户未登录","result_code":1} (logger.py:61)
[2019-01-15 16:10:21,974][    INFO] --- url: /passport/captcha/captcha-check
入参: {'answer': None, 'rand': 'sjrand', 'login_site': 'E'}
请求方式: post
 (logger.py:61)
[2019-01-15 16:10:22,190][    INFO] --- 出参：{"result_message":"验证码校验失败,信息为空","result_code":"8"} (logger.py:61)
[2019-01-15 16:10:23,727][    INFO] --- url: /passport/web/auth/uamtk
入参: {'appid': 'otn'}
请求方式: post
 (logger.py:61)
[2019-01-15 16:10:23,994][    INFO] --- 出参：{"result_message":"用户未登录","result_code":1} (logger.py:61)
[2019-01-15 16:10:23,994][    INFO] --- url: /passport/captcha/captcha-check
入参: {'answer': None, 'rand': 'sjrand', 'login_site': 'E'}
请求方式: post
 (logger.py:61)
[2019-01-15 16:10:24,255][    INFO] --- 出参：{"result_message":"验证码校验失败,信息为空","result_code":"8"} (logger.py:61)
[2019-01-15 16:10:26,249][    INFO] --- url: /passport/web/auth/uamtk
入参: {'appid': 'otn'}
请求方式: post
 (logger.py:61)
[2019-01-15 16:10:26,506][    INFO] --- 出参：{"result_message":"用户未登录","result_code":1} (logger.py:61)
[2019-01-15 16:10:26,506][    INFO] --- url: /passport/captcha/captcha-check
入参: {'answer': None, 'rand': 'sjrand', 'login_site': 'E'}
请求方式: post
 (logger.py:61)
[2019-01-15 16:10:26,687][    INFO] --- 出参：{"result_message":"验证码校验失败,信息为空","result_code":"8"} (logger.py:61)
[2019-01-15 16:10:28,967][    INFO] --- url: /passport/web/auth/uamtk
入参: {'appid': 'otn'}
请求方式: post
 (logger.py:61)
[2019-01-15 16:10:29,150][    INFO] --- 出参：{"result_message":"用户未登录","result_code":1} (logger.py:61)
[2019-01-15 16:10:29,150][    INFO] --- url: /passport/captcha/captcha-check
入参: {'answer': None, 'rand': 'sjrand', 'login_site': 'E'}
请求方式: post
 (logger.py:61)
[2019-01-15 16:10:29,345][    INFO] --- 出参：{"result_message":"验证码校验失败,信息为空","result_code":"8"} (logger.py:61)
[2019-01-15 16:10:30,806][    INFO] --- url: /passport/web/auth/uamtk
入参: {'appid': 'otn'}
请求方式: post
 (logger.py:61)
[2019-01-15 16:10:31,115][    INFO] --- 出参：{"result_message":"用户未登录","result_code":1} (logger.py:61)
[2019-01-15 16:10:31,115][    INFO] --- url: /passport/captcha/captcha-check
入参: {'answer': None, 'rand': 'sjrand', 'login_site': 'E'}
请求方式: post
 (logger.py:61)
[2019-01-15 16:10:31,446][    INFO] --- 出参：{"result_message":"验证码校验失败,信息为空","result_code":"8"} (logger.py:61)
[2019-01-15 16:10:32,859][    INFO] --- url: /passport/web/auth/uamtk
入参: {'appid': 'otn'}
请求方式: post
 (logger.py:61)
[2019-01-15 16:10:33,532][    INFO] --- 出参：{"result_message":"用户未登录","result_code":1} (logger.py:61)
[2019-01-15 16:10:33,532][    INFO] --- url: /passport/captcha/captcha-check
入参: {'answer': None, 'rand': 'sjrand', 'login_site': 'E'}
请求方式: post
 (logger.py:61)
[2019-01-15 16:10:34,036][    INFO] --- 出参：{"result_message":"验证码校验失败,信息为空","result_code":"8"} (logger.py:61)
[2019-01-15 16:10:35,407][    INFO] --- url: /passport/web/auth/uamtk
入参: {'appid': 'otn'}
请求方式: post
 (logger.py:61)
[2019-01-15 16:10:35,592][    INFO] --- 出参：{"result_message":"用户未登录","result_code":1} (logger.py:61)
[2019-01-15 16:10:35,592][    INFO] --- url: /passport/captcha/captcha-check
入参: {'answer': None, 'rand': 'sjrand', 'login_site': 'E'}
请求方式: post
 (logger.py:61)
[2019-01-15 16:10:36,359][    INFO] --- 出参：{"result_message":"验证码校验失败,信息为空","result_code":"8"} (logger.py:61)
[2019-01-15 16:10:37,835][    INFO] --- url: /passport/web/auth/uamtk
入参: {'appid': 'otn'}
请求方式: post
 (logger.py:61)
[2019-01-15 16:10:38,137][    INFO] --- 出参：{"result_message":"用户未登录","result_code":1} (logger.py:61)
[2019-01-15 16:10:38,138][    INFO] --- url: /passport/captcha/captcha-check
入参: {'answer': None, 'rand': 'sjrand', 'login_site': 'E'}
请求方式: post
 (logger.py:61)
[2019-01-15 16:10:38,670][    INFO] --- 出参：{"result_message":"验证码校验失败,信息为空","result_code":"8"} (logger.py:61)
[2019-01-15 16:10:40,036][    INFO] --- url: /passport/web/auth/uamtk
入参: {'appid': 'otn'}
请求方式: post
 (logger.py:61)
[2019-01-15 16:10:40,226][    INFO] --- 出参：{"result_message":"用户未登录","result_code":1} (logger.py:61)
[2019-01-15 16:10:40,226][    INFO] --- url: /passport/captcha/captcha-check
入参: {'answer': None, 'rand': 'sjrand', 'login_site': 'E'}
请求方式: post
 (logger.py:61)
[2019-01-15 16:10:40,424][    INFO] --- 出参：{"result_message":"验证码校验失败,信息为空","result_code":"8"} (logger.py:61)
[2019-01-15 16:10:42,081][    INFO] --- url: /passport/web/auth/uamtk
入参: {'appid': 'otn'}
请求方式: post
 (logger.py:61)
[2019-01-15 16:10:42,351][    INFO] --- 出参：{"result_message":"用户未登录","result_code":1} (logger.py:61)
[2019-01-15 16:10:42,351][    INFO] --- url: /passport/captcha/captcha-check
入参: {'answer': None, 'rand': 'sjrand', 'login_site': 'E'}
请求方式: post
 (logger.py:61)
[2019-01-15 16:10:42,602][    INFO] --- 出参：{"result_message":"验证码校验失败,信息为空","result_code":"8"} (logger.py:61)
[2019-01-15 16:59:07,457][    INFO] --- url: /passport/web/auth/uamtk
入参: {'appid': 'otn'}
请求方式: post
 (logger.py:61)
[2019-01-15 16:59:07,747][    INFO] --- 出参：{"result_message":"用户未登录","result_code":1} (logger.py:61)
[2019-01-15 16:59:07,749][    INFO] --- url: /passport/captcha/captcha-check
入参: {'answer': None, 'rand': 'sjrand', 'login_site': 'E'}
请求方式: post
 (logger.py:61)
[2019-01-15 16:59:08,017][    INFO] --- 出参：{"result_message":"验证码校验失败,信息为空","result_code":"8"} (logger.py:61)
[2019-01-15 16:59:09,621][    INFO] --- url: /passport/web/auth/uamtk
入参: {'appid': 'otn'}
请求方式: post
 (logger.py:61)
[2019-01-15 16:59:09,966][    INFO] --- 出参：{"result_message":"用户未登录","result_code":1} (logger.py:61)
[2019-01-15 16:59:09,966][    INFO] --- url: /passport/captcha/captcha-check
入参: {'answer': None, 'rand': 'sjrand', 'login_site': 'E'}
请求方式: post
 (logger.py:61)
[2019-01-15 16:59:11,532][    INFO] --- 出参：{"result_message":"验证码校验失败,信息为空","result_code":"8"} (logger.py:61)
[2019-01-15 18:12:19,661][    INFO] --- url: /passport/web/auth/uamtk
入参: {'appid': 'otn'}
请求方式: post
 (logger.py:61)
[2019-01-15 18:12:19,875][    INFO] --- 出参：{"result_message":"用户未登录","result_code":1} (logger.py:61)
[2019-01-15 18:12:19,877][    INFO] --- url: /passport/captcha/captcha-check
入参: {'answer': None, 'rand': 'sjrand', 'login_site': 'E'}
请求方式: post
 (logger.py:61)
[2019-01-15 18:12:20,144][    INFO] --- 出参：{"result_message":"验证码校验失败,信息为空","result_code":"8"} (logger.py:61)
[2019-01-15 18:12:21,826][    INFO] --- url: /passport/web/auth/uamtk
入参: {'appid': 'otn'}
请求方式: post
 (logger.py:61)
[2019-01-15 18:12:22,095][    INFO] --- 出参：{"result_message":"用户未登录","result_code":1} (logger.py:61)
[2019-01-15 18:12:22,095][    INFO] --- url: /passport/captcha/captcha-check
入参: {'answer': None, 'rand': 'sjrand', 'login_site': 'E'}
请求方式: post
 (logger.py:61)
[2019-01-15 18:12:22,298][    INFO] --- 出参：{"result_message":"验证码校验失败,信息为空","result_code":"8"} (logger.py:61)
[2019-01-15 18:12:24,055][    INFO] --- url: /passport/web/auth/uamtk
入参: {'appid': 'otn'}
请求方式: post
 (logger.py:61)
[2019-01-15 18:12:24,253][    INFO] --- 出参：{"result_message":"用户未登录","result_code":1} (logger.py:61)
[2019-01-15 18:12:24,253][    INFO] --- url: /passport/captcha/captcha-check
入参: {'answer': None, 'rand': 'sjrand', 'login_site': 'E'}
请求方式: post
 (logger.py:61)
[2019-01-15 18:12:24,528][    INFO] --- 出参：{"result_message":"验证码校验失败,信息为空","result_code":"8"} (logger.py:61)
[2019-01-15 18:12:25,957][    INFO] --- url: /passport/web/auth/uamtk
入参: {'appid': 'otn'}
请求方式: post
 (logger.py:61)
[2019-01-15 18:12:26,153][    INFO] --- 出参：{"result_message":"用户未登录","result_code":1} (logger.py:61)
[2019-01-15 18:12:26,153][    INFO] --- url: /passport/captcha/captcha-check
入参: {'answer': None, 'rand': 'sjrand', 'login_site': 'E'}
请求方式: post
 (logger.py:61)
[2019-01-15 18:12:26,358][    INFO] --- 出参：{"result_message":"验证码校验失败,信息为空","result_code":"8"} (logger.py:61)
[2019-01-15 18:24:20,377][    INFO] --- url: /passport/web/auth/uamtk
入参: {'appid': 'otn'}
请求方式: post
 (logger.py:61)
[2019-01-15 18:24:20,681][    INFO] --- 出参：{"result_message":"用户未登录","result_code":1} (logger.py:61)
[2019-01-15 18:24:20,683][    INFO] --- url: /passport/captcha/captcha-check
入参: {'answer': None, 'rand': 'sjrand', 'login_site': 'E'}
请求方式: post
 (logger.py:61)
[2019-01-15 18:24:20,914][    INFO] --- 出参：{"result_message":"验证码校验失败,信息为空","result_code":"8"} (logger.py:61)
[2019-01-15 18:24:22,773][    INFO] --- url: /passport/web/auth/uamtk
入参: {'appid': 'otn'}
请求方式: post
 (logger.py:61)
[2019-01-15 18:24:23,302][    INFO] --- 出参：{"result_message":"用户未登录","result_code":1} (logger.py:61)
[2019-01-15 18:24:23,302][    INFO] --- url: /passport/captcha/captcha-check
入参: {'answer': None, 'rand': 'sjrand', 'login_site': 'E'}
请求方式: post
 (logger.py:61)
[2019-01-15 18:24:23,841][    INFO] --- 出参：{"result_message":"验证码校验失败,信息为空","result_code":"8"} (logger.py:61)
